I, [2015-07-18T15:51:06.467505 #30831]  INFO -- Kitchen: -----> Starting Kitchen (v1.4.1)
I, [2015-07-18T15:51:06.833040 #30831]  INFO -- Kitchen: -----> Cleaning up any prior instances of <default-centos>
I, [2015-07-18T15:51:06.833257 #30831]  INFO -- Kitchen: -----> Destroying <default-centos>...
I, [2015-07-18T15:51:06.834131 #30831]  INFO -- Kitchen: -----> Testing <default-centos>
I, [2015-07-18T15:51:06.834222 #30831]  INFO -- Kitchen: -----> Creating <default-centos>...
E, [2015-07-18T15:51:06.835413 #30831] ERROR -- Kitchen: ------Exception-------
E, [2015-07-18T15:51:06.835450 #30831] ERROR -- Kitchen: Class: Kitchen::ActionFailed
E, [2015-07-18T15:51:06.835473 #30831] ERROR -- Kitchen: Message: Failed to complete #create action: [No such file or directory @ rb_sysopen - /home/jenkins/kitchen/guacamole/Dockerfile.centos]
E, [2015-07-18T15:51:06.835495 #30831] ERROR -- Kitchen: ---Nested Exception---
E, [2015-07-18T15:51:06.835515 #30831] ERROR -- Kitchen: Class: Errno::ENOENT
E, [2015-07-18T15:51:06.835535 #30831] ERROR -- Kitchen: Message: No such file or directory @ rb_sysopen - /home/jenkins/kitchen/guacamole/Dockerfile.centos
E, [2015-07-18T15:51:06.835555 #30831] ERROR -- Kitchen: ------Backtrace-------
E, [2015-07-18T15:51:06.835575 #30831] ERROR -- Kitchen: /home/jenkins/.rvm/gems/ruby-2.2.1/gems/kitchen-docker-2.1.0/lib/kitchen/driver/docker.rb:194:in `read'
E, [2015-07-18T15:51:06.835595 #30831] ERROR -- Kitchen: /home/jenkins/.rvm/gems/ruby-2.2.1/gems/kitchen-docker-2.1.0/lib/kitchen/driver/docker.rb:194:in `dockerfile'
E, [2015-07-18T15:51:06.835615 #30831] ERROR -- Kitchen: /home/jenkins/.rvm/gems/ruby-2.2.1/gems/kitchen-docker-2.1.0/lib/kitchen/driver/docker.rb:215:in `build_image'
E, [2015-07-18T15:51:06.835635 #30831] ERROR -- Kitchen: /home/jenkins/.rvm/gems/ruby-2.2.1/gems/kitchen-docker-2.1.0/lib/kitchen/driver/docker.rb:94:in `create'
E, [2015-07-18T15:51:06.835656 #30831] ERROR -- Kitchen: /home/jenkins/.rvm/gems/ruby-2.2.1/gems/test-kitchen-1.4.1/lib/kitchen/instance.rb:424:in `public_send'
E, [2015-07-18T15:51:06.835691 #30831] ERROR -- Kitchen: /home/jenkins/.rvm/gems/ruby-2.2.1/gems/test-kitchen-1.4.1/lib/kitchen/instance.rb:424:in `block in perform_action'
E, [2015-07-18T15:51:06.835715 #30831] ERROR -- Kitchen: /home/jenkins/.rvm/gems/ruby-2.2.1/gems/test-kitchen-1.4.1/lib/kitchen/instance.rb:488:in `call'
E, [2015-07-18T15:51:06.835735 #30831] ERROR -- Kitchen: /home/jenkins/.rvm/gems/ruby-2.2.1/gems/test-kitchen-1.4.1/lib/kitchen/instance.rb:488:in `synchronize_or_call'
E, [2015-07-18T15:51:06.835755 #30831] ERROR -- Kitchen: /home/jenkins/.rvm/gems/ruby-2.2.1/gems/test-kitchen-1.4.1/lib/kitchen/instance.rb:453:in `block in action'
E, [2015-07-18T15:51:06.835775 #30831] ERROR -- Kitchen: /home/jenkins/.rvm/rubies/ruby-2.2.1/lib/ruby/2.2.0/benchmark.rb:288:in `measure'
E, [2015-07-18T15:51:06.835795 #30831] ERROR -- Kitchen: /home/jenkins/.rvm/gems/ruby-2.2.1/gems/test-kitchen-1.4.1/lib/kitchen/instance.rb:452:in `action'
E, [2015-07-18T15:51:06.835815 #30831] ERROR -- Kitchen: /home/jenkins/.rvm/gems/ruby-2.2.1/gems/test-kitchen-1.4.1/lib/kitchen/instance.rb:424:in `perform_action'
E, [2015-07-18T15:51:06.835834 #30831] ERROR -- Kitchen: /home/jenkins/.rvm/gems/ruby-2.2.1/gems/test-kitchen-1.4.1/lib/kitchen/instance.rb:352:in `create_action'
E, [2015-07-18T15:51:06.835854 #30831] ERROR -- Kitchen: /home/jenkins/.rvm/gems/ruby-2.2.1/gems/test-kitchen-1.4.1/lib/kitchen/instance.rb:341:in `block in transition_to'
E, [2015-07-18T15:51:06.835879 #30831] ERROR -- Kitchen: /home/jenkins/.rvm/gems/ruby-2.2.1/gems/test-kitchen-1.4.1/lib/kitchen/instance.rb:340:in `each'
E, [2015-07-18T15:51:06.835915 #30831] ERROR -- Kitchen: /home/jenkins/.rvm/gems/ruby-2.2.1/gems/test-kitchen-1.4.1/lib/kitchen/instance.rb:340:in `transition_to'
E, [2015-07-18T15:51:06.835938 #30831] ERROR -- Kitchen: /home/jenkins/.rvm/gems/ruby-2.2.1/gems/test-kitchen-1.4.1/lib/kitchen/instance.rb:160:in `verify'
E, [2015-07-18T15:51:06.835959 #30831] ERROR -- Kitchen: /home/jenkins/.rvm/gems/ruby-2.2.1/gems/test-kitchen-1.4.1/lib/kitchen/instance.rb:189:in `block in test'
E, [2015-07-18T15:51:06.835992 #30831] ERROR -- Kitchen: /home/jenkins/.rvm/rubies/ruby-2.2.1/lib/ruby/2.2.0/benchmark.rb:288:in `measure'
E, [2015-07-18T15:51:06.836029 #30831] ERROR -- Kitchen: /home/jenkins/.rvm/gems/ruby-2.2.1/gems/test-kitchen-1.4.1/lib/kitchen/instance.rb:185:in `test'
E, [2015-07-18T15:51:06.836085 #30831] ERROR -- Kitchen: /home/jenkins/.rvm/gems/ruby-2.2.1/gems/test-kitchen-1.4.1/lib/kitchen/command.rb:176:in `public_send'
E, [2015-07-18T15:51:06.836110 #30831] ERROR -- Kitchen: /home/jenkins/.rvm/gems/ruby-2.2.1/gems/test-kitchen-1.4.1/lib/kitchen/command.rb:176:in `block (2 levels) in run_action'
E, [2015-07-18T15:51:06.836132 #30831] ERROR -- Kitchen: ----------------------
